Configuration file: /Users/tm9k1/dev/projects/jugaad-labs-in.github.io/_config.yml
            Source: /Users/tm9k1/dev/projects/jugaad-labs-in.github.io
       Destination: /Users/tm9k1/dev/projects/jugaad-labs-in.github.io/_site
 Incremental build: disabled. Enable with --incremental
      Generating... 
                    done in 0.106 seconds.
 Auto-regeneration: enabled for '.'
LiveReload address: http://127.0.0.1:35729
    Server address: http://127.0.0.1:4000/
  Server running... press ctrl-c to stop.
        LiveReload: Browser connected
      Regenerating: 1 file(s) changed at 2025-12-10 18:15:54
                    _includes/head.html
                    ...done in 0.020556 seconds.
                    
      Regenerating: 1 file(s) changed at 2025-12-10 18:15:55
                    _includes/head.html
                    ...done in 0.009772 seconds.
                    
      Regenerating: 1 file(s) changed at 2025-12-10 18:16:15
                    assets/js/spa-nav.js
                    ...done in 0.009935 seconds.
                    
      Regenerating: 1 file(s) changed at 2025-12-10 18:16:15
                    assets/js/spa-nav.js
                    ...done in 0.003995 seconds.
                    
      Regenerating: 1 file(s) changed at 2025-12-10 18:16:16
                    assets/js/spa-nav.js
                    ...done in 0.008436 seconds.
                    
      Regenerating: 1 file(s) changed at 2025-12-10 18:16:21
                    _layouts/default.html
                    ...done in 0.008897 seconds.
                    
      Regenerating: 1 file(s) changed at 2025-12-10 18:16:22
                    _layouts/default.html
                    ...done in 0.010414 seconds.
                    
      Regenerating: 1 file(s) changed at 2025-12-10 18:19:02
                    assets/css/styles.css
                    ...done in 0.01326 seconds.
                    
      Regenerating: 1 file(s) changed at 2025-12-10 18:35:19
                    assets/css/styles.css
                    ...done in 0.010979 seconds.
                    
      Regenerating: 1 file(s) changed at 2025-12-10 18:35:41
                    assets/css/styles.css
                    ...done in 0.007847 seconds.
                    
      Regenerating: 1 file(s) changed at 2025-12-10 18:35:42
                    assets/css/styles.css
                    ...done in 0.005803 seconds.
                    
      Regenerating: 1 file(s) changed at 2025-12-10 18:35:50
                    assets/css/styles.css
                    ...done in 0.006983 seconds.
                    
      Regenerating: 1 file(s) changed at 2025-12-10 18:35:52
                    assets/css/styles.css
                    ...done in 0.005546 seconds.
                    
      Regenerating: 1 file(s) changed at 2025-12-10 18:36:00
                    assets/css/styles.css
                    ...done in 0.006381 seconds.
                    
      Regenerating: 1 file(s) changed at 2025-12-10 18:36:02
                    assets/css/styles.css
                    ...done in 0.005805 seconds.
                    
      Regenerating: 1 file(s) changed at 2025-12-10 18:36:09
                    assets/css/styles.css
                    ...done in 0.009284 seconds.
                    
      Regenerating: 1 file(s) changed at 2025-12-10 18:36:11
                    assets/css/styles.css
                    ...done in 0.01186 seconds.
                    
[2025-12-10 18:36:11] ERROR Errno::ECONNRESET: Connection reset by peer @ io_fillbuf - fd:17 
	/Users/tm9k1/dev/projects/jugaad-labs-in.github.io/vendor/bundle/ruby/3.2.0/gems/webrick-1.9.2/lib/webrick/httpserver.rb:82:in `eof?'
	/Users/tm9k1/dev/projects/jugaad-labs-in.github.io/vendor/bundle/ruby/3.2.0/gems/webrick-1.9.2/lib/webrick/httpserver.rb:82:in `run'
	/Users/tm9k1/dev/projects/jugaad-labs-in.github.io/vendor/bundle/ruby/3.2.0/gems/webrick-1.9.2/lib/webrick/server.rb:309:in `block in start_thread'
      Regenerating: 1 file(s) changed at 2025-12-10 18:38:59
                    assets/js/kaleidoscope.js
                    ...done in 0.012871 seconds.
                    
      Regenerating: 1 file(s) changed at 2025-12-10 18:39:03
                    assets/js/kaleidoscope.js
                    ...done in 0.013057 seconds.
                    
      Regenerating: 1 file(s) changed at 2025-12-10 18:40:23
                    assets/js/kaleidoscope.js
                    ...done in 0.011909 seconds.
                    
      Regenerating: 1 file(s) changed at 2025-12-10 18:40:24
                    assets/js/kaleidoscope.js
                    ...done in 0.003794 seconds.
                    
[2025-12-10 18:40:25] ERROR Errno::ECONNRESET: Connection reset by peer @ io_fillbuf - fd:18 
	/Users/tm9k1/dev/projects/jugaad-labs-in.github.io/vendor/bundle/ruby/3.2.0/gems/webrick-1.9.2/lib/webrick/httpserver.rb:82:in `eof?'
	/Users/tm9k1/dev/projects/jugaad-labs-in.github.io/vendor/bundle/ruby/3.2.0/gems/webrick-1.9.2/lib/webrick/httpserver.rb:82:in `run'
	/Users/tm9k1/dev/projects/jugaad-labs-in.github.io/vendor/bundle/ruby/3.2.0/gems/webrick-1.9.2/lib/webrick/server.rb:309:in `block in start_thread'
      Regenerating: 1 file(s) changed at 2025-12-10 18:43:22
                    assets/js/kaleidoscope.js
                    ...done in 0.010401 seconds.
                    
      Regenerating: 1 file(s) changed at 2025-12-10 18:43:31
                    assets/js/kaleidoscope.js
                    ...done in 0.010529 seconds.
                    
      Regenerating: 1 file(s) changed at 2025-12-10 18:46:50
                    assets/js/kaleidoscope.js
                    ...done in 0.009234 seconds.
                    
      Regenerating: 1 file(s) changed at 2025-12-10 18:47:02
                    assets/js/kaleidoscope.js
                    ...done in 0.010746 seconds.
                    
      Regenerating: 1 file(s) changed at 2025-12-10 18:48:20
                    assets/css/styles.css
                    ...done in 0.006879 seconds.
                    
      Regenerating: 1 file(s) changed at 2025-12-10 18:48:21
                    assets/css/styles.css
                    ...done in 0.004888 seconds.
                    
      Regenerating: 1 file(s) changed at 2025-12-10 18:49:13
                    assets/js/kaleidoscope.js
                    ...done in 0.005216 seconds.
                    
      Regenerating: 1 file(s) changed at 2025-12-10 18:49:15
                    assets/js/kaleidoscope.js
                    ...done in 0.008196 seconds.
                    
      Regenerating: 1 file(s) changed at 2025-12-10 18:49:24
                    assets/js/kaleidoscope.js
                    ...done in 0.00536 seconds.
                    
      Regenerating: 1 file(s) changed at 2025-12-10 18:49:28
                    assets/js/kaleidoscope.js
                    ...done in 0.004387 seconds.
                    
      Regenerating: 1 file(s) changed at 2025-12-10 18:50:34
                    assets/js/kaleidoscope.js
                    ...done in 0.008973 seconds.
                    
      Regenerating: 1 file(s) changed at 2025-12-10 18:50:50
                    assets/js/kaleidoscope.js
                    ...done in 0.007586 seconds.
                    
      Regenerating: 2 file(s) changed at 2025-12-10 18:51:46
                    .jekyll-serv.log
                    index.md
                    ...done in 0.012224 seconds.
                    
      Regenerating: 2 file(s) changed at 2025-12-10 18:51:55
                    .jekyll-serv.log
                    index.md
                    ...done in 0.008865 seconds.
                    
      Regenerating: 1 file(s) changed at 2025-12-10 18:53:10
                    _layouts/home.html
                    ...done in 0.008451 seconds.
                    
      Regenerating: 1 file(s) changed at 2025-12-10 18:54:14
                    _includes/footer.html
                    ...done in 0.007577 seconds.
                    
      Regenerating: 1 file(s) changed at 2025-12-10 18:54:49
                    _includes/footer.html
                    ...done in 0.013655 seconds.
                    
      Regenerating: 1 file(s) changed at 2025-12-10 18:55:16
                    _includes/footer.html
                    ...done in 0.010303 seconds.
                    
